
*** Running vivado
    with args -log cpu1.vdi -applog -m64 -product Vivado -messageDb vivado.pb -mode batch -source cpu1.tcl -notrace


****** Vivado v2018.2 (64-bit)
  **** SW Build 2258646 on Thu Jun 14 20:03:12 MDT 2018
  **** IP Build 2256618 on Thu Jun 14 22:10:49 MDT 2018
    ** Copyright 1986-2018 Xilinx, Inc. All Rights Reserved.

source cpu1.tcl -notrace
Command: link_design -top cpu1 -part xc7a100tcsg324-1
Design is defaulting to srcset: sources_1
Design is defaulting to constrset: constrs_1
INFO: [Project 1-479] Netlist was created with Vivado 2018.2
INFO: [Device 21-403] Loading part xc7a100tcsg324-1
INFO: [Project 1-570] Preparing netlist for logic optimization
INFO: [Project 1-111] Unisim Transformation Summary:
No Unisim elements were transformed.

4 Infos, 0 Warnings, 0 Critical Warnings and 0 Errors encountered.
link_design completed successfully
link_design: Time (s): cpu = 00:00:18 ; elapsed = 00:00:36 . Memory (MB): peak = 577.031 ; gain = 326.879
Command: opt_design
Attempting to get a license for feature 'Implementation' and/or device 'xc7a100t'
INFO: [Common 17-349] Got license for feature 'Implementation' and/or device 'xc7a100t'
Running DRC as a precondition to command opt_design

Starting DRC Task
INFO: [DRC 23-27] Running DRC with 2 threads
INFO: [Project 1-461] DRC finished with 0 Errors
INFO: [Project 1-462] Please refer to the DRC report (report_drc) for more information.

Time (s): cpu = 00:00:06 ; elapsed = 00:00:06 . Memory (MB): peak = 589.754 ; gain = 12.723

Starting Cache Timing Information Task
INFO: [Timing 38-35] Done setting XDC timing constraints.
Ending Cache Timing Information Task | Checksum: 19a563193

Time (s): cpu = 00:00:32 ; elapsed = 00:00:48 . Memory (MB): peak = 1120.688 ; gain = 530.934

Starting Logic Optimization Task

Phase 1 Retarget
INFO: [Opt 31-138] Pushed 0 inverter(s) to 0 load pin(s).
INFO: [Opt 31-49] Retargeted 0 cell(s).
Phase 1 Retarget | Checksum: 19a563193

Time (s): cpu = 00:00:00 ; elapsed = 00:00:01 . Memory (MB): peak = 1120.688 ; gain = 0.000
INFO: [Opt 31-389] Phase Retarget created 0 cells and removed 0 cells

Phase 2 Constant propagation
INFO: [Opt 31-138] Pushed 0 inverter(s) to 0 load pin(s).
Phase 2 Constant propagation | Checksum: 19a563193

Time (s): cpu = 00:00:00 ; elapsed = 00:00:01 . Memory (MB): peak = 1120.688 ; gain = 0.000
INFO: [Opt 31-389] Phase Constant propagation created 0 cells and removed 0 cells

Phase 3 Sweep
Phase 3 Sweep | Checksum: 19a563193

Time (s): cpu = 00:00:00 ; elapsed = 00:00:01 . Memory (MB): peak = 1120.688 ; gain = 0.000
INFO: [Opt 31-389] Phase Sweep created 0 cells and removed 0 cells

Phase 4 BUFG optimization
Phase 4 BUFG optimization | Checksum: 19a563193

Time (s): cpu = 00:00:00 ; elapsed = 00:00:02 . Memory (MB): peak = 1120.688 ; gain = 0.000
INFO: [Opt 31-662] Phase BUFG optimization created 0 cells of which 0 are BUFGs and removed 0 cells.

Phase 5 Shift Register Optimization
Phase 5 Shift Register Optimization | Checksum: 19a563193

Time (s): cpu = 00:00:00 ; elapsed = 00:00:02 . Memory (MB): peak = 1120.688 ; gain = 0.000
INFO: [Opt 31-389] Phase Shift Register Optimization created 0 cells and removed 0 cells

Phase 6 Post Processing Netlist
Phase 6 Post Processing Netlist | Checksum: 19a563193

Time (s): cpu = 00:00:00 ; elapsed = 00:00:02 . Memory (MB): peak = 1120.688 ; gain = 0.000
INFO: [Opt 31-389] Phase Post Processing Netlist created 0 cells and removed 0 cells

Starting Connectivity Check Task

Time (s): cpu = 00:00:00 ; elapsed = 00:00:00.048 . Memory (MB): peak = 1120.688 ; gain = 0.000
Ending Logic Optimization Task | Checksum: 19a563193

Time (s): cpu = 00:00:00 ; elapsed = 00:00:02 . Memory (MB): peak = 1120.688 ; gain = 0.000

Starting Power Optimization Task
INFO: [Pwropt 34-132] Skipping clock gating for clocks with a period < 2.00 ns.
Ending Power Optimization Task | Checksum: 19a563193

Time (s): cpu = 00:00:00 ; elapsed = 00:00:00.263 . Memory (MB): peak = 1120.688 ; gain = 0.000

Starting Final Cleanup Task
Ending Final Cleanup Task | Checksum: 19a563193

Time (s): cpu = 00:00:00 ; elapsed = 00:00:00 . Memory (MB): peak = 1120.688 ; gain = 0.000
INFO: [Common 17-83] Releasing license: Implementation
20 Infos, 0 Warnings, 0 Critical Warnings and 0 Errors encountered.
opt_design completed successfully
opt_design: Time (s): cpu = 00:00:38 ; elapsed = 00:00:57 . Memory (MB): peak = 1120.688 ; gain = 543.656
WARNING: [Constraints 18-5210] No constraint will be written out.
INFO: [Common 17-1381] The checkpoint 'C:/Users/USER/Desktop/cgj/cpu1/project_4/project_4.runs/impl_1/cpu1_opt.dcp' has been generated.
INFO: [runtcl-4] Executing : report_drc -file cpu1_drc_opted.rpt -pb cpu1_drc_opted.pb -rpx cpu1_drc_opted.rpx
Command: report_drc -file cpu1_drc_opted.rpt -pb cpu1_drc_opted.pb -rpx cpu1_drc_opted.rpx
INFO: [IP_Flow 19-234] Refreshing IP repositories
INFO: [IP_Flow 19-1704] No user IP repositories specified
INFO: [IP_Flow 19-2313] Loaded Vivado IP repository 'C:/Xilinx/Vivado/2018.2/data/ip'.
INFO: [DRC 23-27] Running DRC with 2 threads
INFO: [Coretcl 2-168] The results of DRC are in file C:/Users/USER/Desktop/cgj/cpu1/project_4/project_4.runs/impl_1/cpu1_drc_opted.rpt.
report_drc completed successfully
report_drc: Time (s): cpu = 00:00:12 ; elapsed = 00:00:37 . Memory (MB): peak = 1120.688 ; gain = 0.000
Command: place_design
Attempting to get a license for feature 'Implementation' and/or device 'xc7a100t'
INFO: [Common 17-349] Got license for feature 'Implementation' and/or device 'xc7a100t'
INFO: [DRC 23-27] Running DRC with 2 threads
INFO: [Vivado_Tcl 4-198] DRC finished with 0 Errors
INFO: [Vivado_Tcl 4-199] Please refer to the DRC report (report_drc) for more information.
Running DRC as a precondition to command place_design
INFO: [DRC 23-27] Running DRC with 2 threads
INFO: [Vivado_Tcl 4-198] DRC finished with 0 Errors
INFO: [Vivado_Tcl 4-199] Please refer to the DRC report (report_drc) for more information.

Starting Placer Task
INFO: [Place 30-611] Multithreading enabled for place_design using a maximum of 2 CPUs

Phase 1 Placer Initialization

Phase 1.1 Placer Initialization Netlist Sorting
Netlist sorting complete. Time (s): cpu = 00:00:00 ; elapsed = 00:00:00.001 . Memory (MB): peak = 1120.688 ; gain = 0.000
Phase 1.1 Placer Initialization Netlist Sorting | Checksum: b51dcbff

Time (s): cpu = 00:00:00 ; elapsed = 00:00:00.306 . Memory (MB): peak = 1120.688 ; gain = 0.000
Netlist sorting complete. Time (s): cpu = 00:00:00 ; elapsed = 00:00:00.001 . Memory (MB): peak = 1120.688 ; gain = 0.000

Phase 1.2 IO Placement/ Clock Placement/ Build Placer Device
INFO: [Timing 38-35] Done setting XDC timing constraints.
Phase 1.2 IO Placement/ Clock Placement/ Build Placer Device | Checksum: 16d448ef5

Time (s): cpu = 00:00:04 ; elapsed = 00:00:08 . Memory (MB): peak = 1136.578 ; gain = 15.891

Phase 1.3 Build Placer Netlist Model
Phase 1.3 Build Placer Netlist Model | Checksum: 18849e7a7

Time (s): cpu = 00:00:05 ; elapsed = 00:00:09 . Memory (MB): peak = 1136.578 ; gain = 15.891

Phase 1.4 Constrain Clocks/Macros
Phase 1.4 Constrain Clocks/Macros | Checksum: 18849e7a7

Time (s): cpu = 00:00:05 ; elapsed = 00:00:09 . Memory (MB): peak = 1136.578 ; gain = 15.891
Phase 1 Placer Initialization | Checksum: 18849e7a7

Time (s): cpu = 00:00:05 ; elapsed = 00:00:09 . Memory (MB): peak = 1136.578 ; gain = 15.891

Phase 2 Final Placement Cleanup
Phase 2 Final Placement Cleanup | Checksum: 18849e7a7

Time (s): cpu = 00:00:05 ; elapsed = 00:00:09 . Memory (MB): peak = 1136.578 ; gain = 15.891
INFO: [Place 30-281] No place-able instance is found; design doesn't contain any instance or all instances are placed
Ending Placer Task | Checksum: 16d448ef5

Time (s): cpu = 00:00:05 ; elapsed = 00:00:09 . Memory (MB): peak = 1136.578 ; gain = 15.891
INFO: [Common 17-83] Releasing license: Implementation
38 Infos, 1 Warnings, 0 Critical Warnings and 0 Errors encountered.
place_design completed successfully
place_design: Time (s): cpu = 00:00:11 ; elapsed = 00:00:14 . Memory (MB): peak = 1136.578 ; gain = 15.891
WARNING: [Constraints 18-5210] No constraint will be written out.
Writing placer database...
Writing XDEF routing.
Writing XDEF routing logical nets.
Writing XDEF routing special nets.
Write XDEF Complete: Time (s): cpu = 00:00:00 ; elapsed = 00:00:01 . Memory (MB): peak = 1136.578 ; gain = 0.000
INFO: [Common 17-1381] The checkpoint 'C:/Users/USER/Desktop/cgj/cpu1/project_4/project_4.runs/impl_1/cpu1_placed.dcp' has been generated.
INFO: [runtcl-4] Executing : report_io -file cpu1_io_placed.rpt
report_io: Time (s): cpu = 00:00:00 ; elapsed = 00:00:00.582 . Memory (MB): peak = 1136.578 ; gain = 0.000
INFO: [runtcl-4] Executing : report_utilization -file cpu1_utilization_placed.rpt -pb cpu1_utilization_placed.pb
report_utilization: Time (s): cpu = 00:00:01 ; elapsed = 00:00:00.442 . Memory (MB): peak = 1136.578 ; gain = 0.000
INFO: [runtcl-4] Executing : report_control_sets -verbose -file cpu1_control_sets_placed.rpt
report_control_sets: Time (s): cpu = 00:00:00 ; elapsed = 00:00:00.003 . Memory (MB): peak = 1136.578 ; gain = 0.000
Command: route_design
Attempting to get a license for feature 'Implementation' and/or device 'xc7a100t'
INFO: [Common 17-349] Got license for feature 'Implementation' and/or device 'xc7a100t'
Running DRC as a precondition to command route_design
INFO: [DRC 23-27] Running DRC with 2 threads
INFO: [Vivado_Tcl 4-198] DRC finished with 0 Errors
INFO: [Vivado_Tcl 4-199] Please refer to the DRC report (report_drc) for more information.


Starting Routing Task
INFO: [Route 35-254] Multithreading enabled for route_design using a maximum of 2 CPUs
Checksum: PlaceDB: b826c2f6 ConstDB: 0 ShapeSum: b51dcbff RouteDB: 0

Phase 1 Build RT Design
Phase 1 Build RT Design | Checksum: e8fb87a8

Time (s): cpu = 00:02:06 ; elapsed = 00:02:38 . Memory (MB): peak = 1298.738 ; gain = 162.160
Post Restoration Checksum: NetGraph: 4d10a21f NumContArr: 9beae589 Constraints: 0 Timing: 0

Phase 2 Router Initialization
INFO: [Route 35-64] No timing constraints were detected. The router will operate in resource-optimization mode.

Phase 2.1 Fix Topology Constraints
Phase 2.1 Fix Topology Constraints | Checksum: e8fb87a8

Time (s): cpu = 00:02:06 ; elapsed = 00:02:38 . Memory (MB): peak = 1304.855 ; gain = 168.277

Phase 2.2 Pre Route Cleanup
Phase 2.2 Pre Route Cleanup | Checksum: e8fb87a8

Time (s): cpu = 00:02:06 ; elapsed = 00:02:38 . Memory (MB): peak = 1304.855 ; gain = 168.277
 Number of Nodes with overlaps = 0
Phase 2 Router Initialization | Checksum: 110dede7f

Time (s): cpu = 00:02:06 ; elapsed = 00:02:39 . Memory (MB): peak = 1308.992 ; gain = 172.414

Phase 3 Initial Routing
 Number of Nodes with overlaps = 0
Phase 3 Initial Routing | Checksum: 110dede7f

Time (s): cpu = 00:02:07 ; elapsed = 00:02:39 . Memory (MB): peak = 1308.992 ; gain = 172.414

Phase 4 Rip-up And Reroute

Phase 4.1 Global Iteration 0
Phase 4.1 Global Iteration 0 | Checksum: 110dede7f

Time (s): cpu = 00:02:07 ; elapsed = 00:02:39 . Memory (MB): peak = 1308.992 ; gain = 172.414
Phase 4 Rip-up And Reroute | Checksum: 110dede7f

Time (s): cpu = 00:02:07 ; elapsed = 00:02:39 . Memory (MB): peak = 1308.992 ; gain = 172.414

Phase 5 Delay and Skew Optimization
Phase 5 Delay and Skew Optimization | Checksum: 110dede7f

Time (s): cpu = 00:02:07 ; elapsed = 00:02:39 . Memory (MB): peak = 1308.992 ; gain = 172.414

Phase 6 Post Hold Fix

Phase 6.1 Hold Fix Iter
Phase 6.1 Hold Fix Iter | Checksum: 110dede7f

Time (s): cpu = 00:02:07 ; elapsed = 00:02:39 . Memory (MB): peak = 1308.992 ; gain = 172.414
Phase 6 Post Hold Fix | Checksum: 110dede7f

Time (s): cpu = 00:02:07 ; elapsed = 00:02:39 . Memory (MB): peak = 1308.992 ; gain = 172.414

Phase 7 Route finalize

Router Utilization Summary
  Global Vertical Routing Utilization    = 0 %
  Global Horizontal Routing Utilization  = 0 %
  Routable Net Status*
  *Does not include unroutable nets such as driverless and loadless.
  Run report_route_status for detailed report.
  Number of Failed Nets               = 0
  Number of Unrouted Nets             = 0
  Number of Partially Routed Nets     = 0
  Number of Node Overlaps             = 0

Congestion Report
North Dir 1x1 Area, Max Cong = 0%, No Congested Regions.
South Dir 1x1 Area, Max Cong = 0%, No Congested Regions.
East Dir 1x1 Area, Max Cong = 0%, No Congested Regions.
West Dir 1x1 Area, Max Cong = 0%, No Congested Regions.

------------------------------
Reporting congestion hotspots
------------------------------
Direction: North
----------------
Congested clusters found at Level 0
Effective congestion level: 0 Aspect Ratio: 1 Sparse Ratio: 0
Direction: South
----------------
Congested clusters found at Level 0
Effective congestion level: 0 Aspect Ratio: 1 Sparse Ratio: 0
Direction: East
----------------
Congested clusters found at Level 0
Effective congestion level: 0 Aspect Ratio: 1 Sparse Ratio: 0
Direction: West
----------------
Congested clusters found at Level 0
Effective congestion level: 0 Aspect Ratio: 1 Sparse Ratio: 0

Phase 7 Route finalize | Checksum: 110dede7f

Time (s): cpu = 00:02:07 ; elapsed = 00:02:39 . Memory (MB): peak = 1308.992 ; gain = 172.414

Phase 8 Verifying routed nets

 Verification completed successfully
Phase 8 Verifying routed nets | Checksum: 110dede7f

Time (s): cpu = 00:02:07 ; elapsed = 00:02:39 . Memory (MB): peak = 1311.305 ; gain = 174.727

Phase 9 Depositing Routes
Phase 9 Depositing Routes | Checksum: 110dede7f

Time (s): cpu = 00:02:07 ; elapsed = 00:02:40 . Memory (MB): peak = 1311.305 ; gain = 174.727
INFO: [Route 35-16] Router Completed Successfully

Time (s): cpu = 00:02:07 ; elapsed = 00:02:40 . Memory (MB): peak = 1311.305 ; gain = 174.727

Routing Is Done.
INFO: [Common 17-83] Releasing license: Implementation
50 Infos, 2 Warnings, 0 Critical Warnings and 0 Errors encountered.
route_design completed successfully
route_design: Time (s): cpu = 00:02:12 ; elapsed = 00:02:45 . Memory (MB): peak = 1311.305 ; gain = 174.727
WARNING: [Constraints 18-5210] No constraint will be written out.
Writing placer database...
Writing XDEF routing.
Writing XDEF routing logical nets.
Writing XDEF routing special nets.
Write XDEF Complete: Time (s): cpu = 00:00:00 ; elapsed = 00:00:00.173 . Memory (MB): peak = 1311.305 ; gain = 0.000
INFO: [Common 17-1381] The checkpoint 'C:/Users/USER/Desktop/cgj/cpu1/project_4/project_4.runs/impl_1/cpu1_routed.dcp' has been generated.
INFO: [runtcl-4] Executing : report_drc -file cpu1_drc_routed.rpt -pb cpu1_drc_routed.pb -rpx cpu1_drc_routed.rpx
Command: report_drc -file cpu1_drc_routed.rpt -pb cpu1_drc_routed.pb -rpx cpu1_drc_routed.rpx
INFO: [DRC 23-27] Running DRC with 2 threads
INFO: [Coretcl 2-168] The results of DRC are in file C:/Users/USER/Desktop/cgj/cpu1/project_4/project_4.runs/impl_1/cpu1_drc_routed.rpt.
report_drc completed successfully
report_drc: Time (s): cpu = 00:00:06 ; elapsed = 00:00:05 . Memory (MB): peak = 1312.336 ; gain = 1.031
INFO: [runtcl-4] Executing : report_methodology -file cpu1_methodology_drc_routed.rpt -pb cpu1_methodology_drc_routed.pb -rpx cpu1_methodology_drc_routed.rpx
Command: report_methodology -file cpu1_methodology_drc_routed.rpt -pb cpu1_methodology_drc_routed.pb -rpx cpu1_methodology_drc_routed.rpx
INFO: [Timing 38-35] Done setting XDC timing constraints.
INFO: [Timing 38-35] Done setting XDC timing constraints.
INFO: [DRC 23-133] Running Methodology with 2 threads
INFO: [Coretcl 2-1520] The results of Report Methodology are in file C:/Users/USER/Desktop/cgj/cpu1/project_4/project_4.runs/impl_1/cpu1_methodology_drc_routed.rpt.
report_methodology completed successfully
INFO: [runtcl-4] Executing : report_power -file cpu1_power_routed.rpt -pb cpu1_power_summary_routed.pb -rpx cpu1_power_routed.rpx
Command: report_power -file cpu1_power_routed.rpt -pb cpu1_power_summary_routed.pb -rpx cpu1_power_routed.rpx
WARNING: [Power 33-232] No user defined clocks were found in the design!
Resolution: Please specify clocks using create_clock/create_generated_clock for sequential elements. For pure combinatorial circuits, please specify a virtual clock, otherwise the vectorless estimation might be inaccurate
INFO: [Timing 38-35] Done setting XDC timing constraints.
Running Vector-less Activity Propagation...

Finished Running Vector-less Activity Propagation
61 Infos, 4 Warnings, 0 Critical Warnings and 0 Errors encountered.
report_power completed successfully
INFO: [runtcl-4] Executing : report_route_status -file cpu1_route_status.rpt -pb cpu1_route_status.pb
INFO: [runtcl-4] Executing : report_timing_summary -max_paths 10 -file cpu1_timing_summary_routed.rpt -pb cpu1_timing_summary_routed.pb -rpx cpu1_timing_summary_routed.rpx -warn_on_violation 
INFO: [Timing 38-91] UpdateTimingParams: Speed grade: -1, Delay Type: min_max, Timing Stage: Requireds.
INFO: [Timing 38-191] Multithreading enabled for timing update using a maximum of 2 CPUs
WARNING: [Timing 38-313] There are no user specified timing constraints. Timing constraints are needed for proper timing analysis.
INFO: [runtcl-4] Executing : report_incremental_reuse -file cpu1_incremental_reuse_routed.rpt
INFO: [Vivado_Tcl 4-545] No incremental reuse to report, no incremental placement and routing data was found.
INFO: [runtcl-4] Executing : report_clock_utilization -file cpu1_clock_utilization_routed.rpt
INFO: [runtcl-4] Executing : report_bus_skew -warn_on_violation -file cpu1_bus_skew_routed.rpt -pb cpu1_bus_skew_routed.pb -rpx cpu1_bus_skew_routed.rpx
INFO: [Timing 38-91] UpdateTimingParams: Speed grade: -1, Delay Type: min_max, Timing Stage: Requireds.
INFO: [Timing 38-191] Multithreading enabled for timing update using a maximum of 2 CPUs
INFO: [Common 17-206] Exiting Vivado at Sat Oct  6 10:28:23 2018...

*** Running vivado
    with args -log cpu1.vdi -applog -m64 -product Vivado -messageDb vivado.pb -mode batch -source cpu1.tcl -notrace


****** Vivado v2018.2 (64-bit)
  **** SW Build 2258646 on Thu Jun 14 20:03:12 MDT 2018
  **** IP Build 2256618 on Thu Jun 14 22:10:49 MDT 2018
    ** Copyright 1986-2018 Xilinx, Inc. All Rights Reserved.

source cpu1.tcl -notrace
Command: link_design -top cpu1 -part xc7a100tcsg324-1
Design is defaulting to srcset: sources_1
Design is defaulting to constrset: constrs_1
INFO: [Project 1-479] Netlist was created with Vivado 2018.2
INFO: [Device 21-403] Loading part xc7a100tcsg324-1
INFO: [Project 1-570] Preparing netlist for logic optimization
INFO: [Project 1-111] Unisim Transformation Summary:
No Unisim elements were transformed.

4 Infos, 0 Warnings, 0 Critical Warnings and 0 Errors encountered.
link_design completed successfully
link_design: Time (s): cpu = 00:00:16 ; elapsed = 00:00:23 . Memory (MB): peak = 576.313 ; gain = 326.152
Command: opt_design
Attempting to get a license for feature 'Implementation' and/or device 'xc7a100t'
INFO: [Common 17-349] Got license for feature 'Implementation' and/or device 'xc7a100t'
Running DRC as a precondition to command opt_design

Starting DRC Task
INFO: [DRC 23-27] Running DRC with 2 threads
INFO: [Project 1-461] DRC finished with 0 Errors
INFO: [Project 1-462] Please refer to the DRC report (report_drc) for more information.

Time (s): cpu = 00:00:03 ; elapsed = 00:00:03 . Memory (MB): peak = 589.551 ; gain = 13.238

Starting Cache Timing Information Task
INFO: [Timing 38-35] Done setting XDC timing constraints.
Ending Cache Timing Information Task | Checksum: 19a563193

Time (s): cpu = 00:00:30 ; elapsed = 00:00:41 . Memory (MB): peak = 1120.816 ; gain = 531.266

Starting Logic Optimization Task

Phase 1 Retarget
INFO: [Opt 31-138] Pushed 0 inverter(s) to 0 load pin(s).
INFO: [Opt 31-49] Retargeted 0 cell(s).
Phase 1 Retarget | Checksum: 19a563193

Time (s): cpu = 00:00:00 ; elapsed = 00:00:00.787 . Memory (MB): peak = 1120.816 ; gain = 0.000
INFO: [Opt 31-389] Phase Retarget created 0 cells and removed 0 cells

Phase 2 Constant propagation
INFO: [Opt 31-138] Pushed 0 inverter(s) to 0 load pin(s).
Phase 2 Constant propagation | Checksum: 19a563193

Time (s): cpu = 00:00:00 ; elapsed = 00:00:00.825 . Memory (MB): peak = 1120.816 ; gain = 0.000
INFO: [Opt 31-389] Phase Constant propagation created 0 cells and removed 0 cells

Phase 3 Sweep
Phase 3 Sweep | Checksum: 19a563193

Time (s): cpu = 00:00:00 ; elapsed = 00:00:00.957 . Memory (MB): peak = 1120.816 ; gain = 0.000
INFO: [Opt 31-389] Phase Sweep created 0 cells and removed 0 cells

Phase 4 BUFG optimization
Phase 4 BUFG optimization | Checksum: 19a563193

Time (s): cpu = 00:00:00 ; elapsed = 00:00:01 . Memory (MB): peak = 1120.816 ; gain = 0.000
INFO: [Opt 31-662] Phase BUFG optimization created 0 cells of which 0 are BUFGs and removed 0 cells.

Phase 5 Shift Register Optimization
Phase 5 Shift Register Optimization | Checksum: 19a563193

Time (s): cpu = 00:00:00 ; elapsed = 00:00:01 . Memory (MB): peak = 1120.816 ; gain = 0.000
INFO: [Opt 31-389] Phase Shift Register Optimization created 0 cells and removed 0 cells

Phase 6 Post Processing Netlist
Phase 6 Post Processing Netlist | Checksum: 19a563193

Time (s): cpu = 00:00:00 ; elapsed = 00:00:01 . Memory (MB): peak = 1120.816 ; gain = 0.000
INFO: [Opt 31-389] Phase Post Processing Netlist created 0 cells and removed 0 cells

Starting Connectivity Check Task

Time (s): cpu = 00:00:00 ; elapsed = 00:00:00.016 . Memory (MB): peak = 1120.816 ; gain = 0.000
Ending Logic Optimization Task | Checksum: 19a563193

Time (s): cpu = 00:00:00 ; elapsed = 00:00:01 . Memory (MB): peak = 1120.816 ; gain = 0.000

Starting Power Optimization Task
INFO: [Pwropt 34-132] Skipping clock gating for clocks with a period < 2.00 ns.
Ending Power Optimization Task | Checksum: 19a563193

Time (s): cpu = 00:00:00 ; elapsed = 00:00:00.117 . Memory (MB): peak = 1120.816 ; gain = 0.000

Starting Final Cleanup Task
Ending Final Cleanup Task | Checksum: 19a563193

Time (s): cpu = 00:00:00 ; elapsed = 00:00:00.001 . Memory (MB): peak = 1120.816 ; gain = 0.000
INFO: [Common 17-83] Releasing license: Implementation
20 Infos, 0 Warnings, 0 Critical Warnings and 0 Errors encountered.
opt_design completed successfully
opt_design: Time (s): cpu = 00:00:33 ; elapsed = 00:00:45 . Memory (MB): peak = 1120.816 ; gain = 544.504
WARNING: [Constraints 18-5210] No constraint will be written out.
INFO: [Common 17-1381] The checkpoint 'C:/Users/USER/Desktop/cgj/cpu1/project_4/project_4.runs/impl_1/cpu1_opt.dcp' has been generated.
INFO: [runtcl-4] Executing : report_drc -file cpu1_drc_opted.rpt -pb cpu1_drc_opted.pb -rpx cpu1_drc_opted.rpx
Command: report_drc -file cpu1_drc_opted.rpt -pb cpu1_drc_opted.pb -rpx cpu1_drc_opted.rpx
INFO: [IP_Flow 19-234] Refreshing IP repositories
INFO: [IP_Flow 19-1704] No user IP repositories specified
INFO: [IP_Flow 19-2313] Loaded Vivado IP repository 'C:/Xilinx/Vivado/2018.2/data/ip'.
INFO: [DRC 23-27] Running DRC with 2 threads
INFO: [Coretcl 2-168] The results of DRC are in file C:/Users/USER/Desktop/cgj/cpu1/project_4/project_4.runs/impl_1/cpu1_drc_opted.rpt.
report_drc completed successfully
report_drc: Time (s): cpu = 00:00:11 ; elapsed = 00:00:24 . Memory (MB): peak = 1120.816 ; gain = 0.000
Command: place_design
Attempting to get a license for feature 'Implementation' and/or device 'xc7a100t'
INFO: [Common 17-349] Got license for feature 'Implementation' and/or device 'xc7a100t'
INFO: [DRC 23-27] Running DRC with 2 threads
INFO: [Vivado_Tcl 4-198] DRC finished with 0 Errors
INFO: [Vivado_Tcl 4-199] Please refer to the DRC report (report_drc) for more information.
Running DRC as a precondition to command place_design
INFO: [DRC 23-27] Running DRC with 2 threads
INFO: [Vivado_Tcl 4-198] DRC finished with 0 Errors
INFO: [Vivado_Tcl 4-199] Please refer to the DRC report (report_drc) for more information.

Starting Placer Task
INFO: [Place 30-611] Multithreading enabled for place_design using a maximum of 2 CPUs

Phase 1 Placer Initialization

Phase 1.1 Placer Initialization Netlist Sorting
Netlist sorting complete. Time (s): cpu = 00:00:00 ; elapsed = 00:00:00.001 . Memory (MB): peak = 1120.816 ; gain = 0.000
Phase 1.1 Placer Initialization Netlist Sorting | Checksum: b51dcbff

Time (s): cpu = 00:00:00 ; elapsed = 00:00:00.259 . Memory (MB): peak = 1120.816 ; gain = 0.000
Netlist sorting complete. Time (s): cpu = 00:00:00 ; elapsed = 00:00:00 . Memory (MB): peak = 1120.816 ; gain = 0.000

Phase 1.2 IO Placement/ Clock Placement/ Build Placer Device
INFO: [Timing 38-35] Done setting XDC timing constraints.
Phase 1.2 IO Placement/ Clock Placement/ Build Placer Device | Checksum: 16d448ef5

Time (s): cpu = 00:00:03 ; elapsed = 00:00:04 . Memory (MB): peak = 1134.953 ; gain = 14.137

Phase 1.3 Build Placer Netlist Model
Phase 1.3 Build Placer Netlist Model | Checksum: 18849e7a7

Time (s): cpu = 00:00:04 ; elapsed = 00:00:05 . Memory (MB): peak = 1134.953 ; gain = 14.137

Phase 1.4 Constrain Clocks/Macros
Phase 1.4 Constrain Clocks/Macros | Checksum: 18849e7a7

Time (s): cpu = 00:00:04 ; elapsed = 00:00:05 . Memory (MB): peak = 1134.953 ; gain = 14.137
Phase 1 Placer Initialization | Checksum: 18849e7a7

Time (s): cpu = 00:00:04 ; elapsed = 00:00:05 . Memory (MB): peak = 1134.953 ; gain = 14.137

Phase 2 Final Placement Cleanup
Phase 2 Final Placement Cleanup | Checksum: 18849e7a7

Time (s): cpu = 00:00:04 ; elapsed = 00:00:05 . Memory (MB): peak = 1134.953 ; gain = 14.137
INFO: [Place 30-281] No place-able instance is found; design doesn't contain any instance or all instances are placed
Ending Placer Task | Checksum: 16d448ef5

Time (s): cpu = 00:00:04 ; elapsed = 00:00:05 . Memory (MB): peak = 1134.953 ; gain = 14.137
INFO: [Common 17-83] Releasing license: Implementation
38 Infos, 1 Warnings, 0 Critical Warnings and 0 Errors encountered.
place_design completed successfully
place_design: Time (s): cpu = 00:00:09 ; elapsed = 00:00:09 . Memory (MB): peak = 1134.953 ; gain = 14.137
WARNING: [Constraints 18-5210] No constraint will be written out.
Writing placer database...
Writing XDEF routing.
Writing XDEF routing logical nets.
Writing XDEF routing special nets.
Write XDEF Complete: Time (s): cpu = 00:00:00 ; elapsed = 00:00:00.502 . Memory (MB): peak = 1134.953 ; gain = 0.000
INFO: [Common 17-1381] The checkpoint 'C:/Users/USER/Desktop/cgj/cpu1/project_4/project_4.runs/impl_1/cpu1_placed.dcp' has been generated.
INFO: [runtcl-4] Executing : report_io -file cpu1_io_placed.rpt
report_io: Time (s): cpu = 00:00:00 ; elapsed = 00:00:00.356 . Memory (MB): peak = 1134.953 ; gain = 0.000
INFO: [runtcl-4] Executing : report_utilization -file cpu1_utilization_placed.rpt -pb cpu1_utilization_placed.pb
report_utilization: Time (s): cpu = 00:00:00 ; elapsed = 00:00:00.306 . Memory (MB): peak = 1134.953 ; gain = 0.000
INFO: [runtcl-4] Executing : report_control_sets -verbose -file cpu1_control_sets_placed.rpt
report_control_sets: Time (s): cpu = 00:00:00 ; elapsed = 00:00:00.023 . Memory (MB): peak = 1134.953 ; gain = 0.000
Command: route_design
Attempting to get a license for feature 'Implementation' and/or device 'xc7a100t'
INFO: [Common 17-349] Got license for feature 'Implementation' and/or device 'xc7a100t'
Running DRC as a precondition to command route_design
INFO: [DRC 23-27] Running DRC with 2 threads
INFO: [Vivado_Tcl 4-198] DRC finished with 0 Errors
INFO: [Vivado_Tcl 4-199] Please refer to the DRC report (report_drc) for more information.


Starting Routing Task
INFO: [Route 35-254] Multithreading enabled for route_design using a maximum of 2 CPUs
Checksum: PlaceDB: b826c2f6 ConstDB: 0 ShapeSum: b51dcbff RouteDB: 0

Phase 1 Build RT Design
Phase 1 Build RT Design | Checksum: e8fb87a8

Time (s): cpu = 00:01:44 ; elapsed = 00:01:48 . Memory (MB): peak = 1302.367 ; gain = 167.367
Post Restoration Checksum: NetGraph: 4d10a21f NumContArr: 9beae589 Constraints: 0 Timing: 0

Phase 2 Router Initialization
INFO: [Route 35-64] No timing constraints were detected. The router will operate in resource-optimization mode.

Phase 2.1 Fix Topology Constraints
Phase 2.1 Fix Topology Constraints | Checksum: e8fb87a8

Time (s): cpu = 00:01:44 ; elapsed = 00:01:49 . Memory (MB): peak = 1308.320 ; gain = 173.320

Phase 2.2 Pre Route Cleanup
Phase 2.2 Pre Route Cleanup | Checksum: e8fb87a8

Time (s): cpu = 00:01:44 ; elapsed = 00:01:49 . Memory (MB): peak = 1308.320 ; gain = 173.320
 Number of Nodes with overlaps = 0
Phase 2 Router Initialization | Checksum: 110dede7f

Time (s): cpu = 00:01:45 ; elapsed = 00:01:51 . Memory (MB): peak = 1312.531 ; gain = 177.531

Phase 3 Initial Routing
 Number of Nodes with overlaps = 0
Phase 3 Initial Routing | Checksum: 110dede7f

Time (s): cpu = 00:01:45 ; elapsed = 00:01:51 . Memory (MB): peak = 1312.531 ; gain = 177.531

Phase 4 Rip-up And Reroute

Phase 4.1 Global Iteration 0
Phase 4.1 Global Iteration 0 | Checksum: 110dede7f

Time (s): cpu = 00:01:45 ; elapsed = 00:01:51 . Memory (MB): peak = 1312.531 ; gain = 177.531
Phase 4 Rip-up And Reroute | Checksum: 110dede7f

Time (s): cpu = 00:01:45 ; elapsed = 00:01:51 . Memory (MB): peak = 1312.531 ; gain = 177.531

Phase 5 Delay and Skew Optimization
Phase 5 Delay and Skew Optimization | Checksum: 110dede7f

Time (s): cpu = 00:01:45 ; elapsed = 00:01:51 . Memory (MB): peak = 1312.531 ; gain = 177.531

Phase 6 Post Hold Fix

Phase 6.1 Hold Fix Iter
Phase 6.1 Hold Fix Iter | Checksum: 110dede7f

Time (s): cpu = 00:01:45 ; elapsed = 00:01:51 . Memory (MB): peak = 1312.531 ; gain = 177.531
Phase 6 Post Hold Fix | Checksum: 110dede7f

Time (s): cpu = 00:01:45 ; elapsed = 00:01:51 . Memory (MB): peak = 1312.531 ; gain = 177.531

Phase 7 Route finalize

Router Utilization Summary
  Global Vertical Routing Utilization    = 0 %
  Global Horizontal Routing Utilization  = 0 %
  Routable Net Status*
  *Does not include unroutable nets such as driverless and loadless.
  Run report_route_status for detailed report.
  Number of Failed Nets               = 0
  Number of Unrouted Nets             = 0
  Number of Partially Routed Nets     = 0
  Number of Node Overlaps             = 0

Congestion Report
North Dir 1x1 Area, Max Cong = 0%, No Congested Regions.
South Dir 1x1 Area, Max Cong = 0%, No Congested Regions.
East Dir 1x1 Area, Max Cong = 0%, No Congested Regions.
West Dir 1x1 Area, Max Cong = 0%, No Congested Regions.

------------------------------
Reporting congestion hotspots
------------------------------
Direction: North
----------------
Congested clusters found at Level 0
Effective congestion level: 0 Aspect Ratio: 1 Sparse Ratio: 0
Direction: South
----------------
Congested clusters found at Level 0
Effective congestion level: 0 Aspect Ratio: 1 Sparse Ratio: 0
Direction: East
----------------
Congested clusters found at Level 0
Effective congestion level: 0 Aspect Ratio: 1 Sparse Ratio: 0
Direction: West
----------------
Congested clusters found at Level 0
Effective congestion level: 0 Aspect Ratio: 1 Sparse Ratio: 0

Phase 7 Route finalize | Checksum: 110dede7f

Time (s): cpu = 00:01:46 ; elapsed = 00:01:51 . Memory (MB): peak = 1312.531 ; gain = 177.531

Phase 8 Verifying routed nets

 Verification completed successfully
Phase 8 Verifying routed nets | Checksum: 110dede7f

Time (s): cpu = 00:01:46 ; elapsed = 00:01:52 . Memory (MB): peak = 1314.855 ; gain = 179.855

Phase 9 Depositing Routes
Phase 9 Depositing Routes | Checksum: 110dede7f

Time (s): cpu = 00:01:46 ; elapsed = 00:01:52 . Memory (MB): peak = 1314.855 ; gain = 179.855
INFO: [Route 35-16] Router Completed Successfully

Time (s): cpu = 00:01:46 ; elapsed = 00:01:52 . Memory (MB): peak = 1314.855 ; gain = 179.855

Routing Is Done.
INFO: [Common 17-83] Releasing license: Implementation
50 Infos, 2 Warnings, 0 Critical Warnings and 0 Errors encountered.
route_design completed successfully
route_design: Time (s): cpu = 00:01:52 ; elapsed = 00:01:57 . Memory (MB): peak = 1314.855 ; gain = 179.902
WARNING: [Constraints 18-5210] No constraint will be written out.
Writing placer database...
Writing XDEF routing.
Writing XDEF routing logical nets.
Writing XDEF routing special nets.
Write XDEF Complete: Time (s): cpu = 00:00:00 ; elapsed = 00:00:00.214 . Memory (MB): peak = 1314.855 ; gain = 0.000
INFO: [Common 17-1381] The checkpoint 'C:/Users/USER/Desktop/cgj/cpu1/project_4/project_4.runs/impl_1/cpu1_routed.dcp' has been generated.
INFO: [runtcl-4] Executing : report_drc -file cpu1_drc_routed.rpt -pb cpu1_drc_routed.pb -rpx cpu1_drc_routed.rpx
Command: report_drc -file cpu1_drc_routed.rpt -pb cpu1_drc_routed.pb -rpx cpu1_drc_routed.rpx
INFO: [DRC 23-27] Running DRC with 2 threads
INFO: [Coretcl 2-168] The results of DRC are in file C:/Users/USER/Desktop/cgj/cpu1/project_4/project_4.runs/impl_1/cpu1_drc_routed.rpt.
report_drc completed successfully
report_drc: Time (s): cpu = 00:00:07 ; elapsed = 00:00:06 . Memory (MB): peak = 1315.547 ; gain = 0.691
INFO: [runtcl-4] Executing : report_methodology -file cpu1_methodology_drc_routed.rpt -pb cpu1_methodology_drc_routed.pb -rpx cpu1_methodology_drc_routed.rpx
Command: report_methodology -file cpu1_methodology_drc_routed.rpt -pb cpu1_methodology_drc_routed.pb -rpx cpu1_methodology_drc_routed.rpx
INFO: [Timing 38-35] Done setting XDC timing constraints.
INFO: [Timing 38-35] Done setting XDC timing constraints.
INFO: [DRC 23-133] Running Methodology with 2 threads
INFO: [Coretcl 2-1520] The results of Report Methodology are in file C:/Users/USER/Desktop/cgj/cpu1/project_4/project_4.runs/impl_1/cpu1_methodology_drc_routed.rpt.
report_methodology completed successfully
INFO: [runtcl-4] Executing : report_power -file cpu1_power_routed.rpt -pb cpu1_power_summary_routed.pb -rpx cpu1_power_routed.rpx
Command: report_power -file cpu1_power_routed.rpt -pb cpu1_power_summary_routed.pb -rpx cpu1_power_routed.rpx
WARNING: [Power 33-232] No user defined clocks were found in the design!
Resolution: Please specify clocks using create_clock/create_generated_clock for sequential elements. For pure combinatorial circuits, please specify a virtual clock, otherwise the vectorless estimation might be inaccurate
INFO: [Timing 38-35] Done setting XDC timing constraints.
Running Vector-less Activity Propagation...

Finished Running Vector-less Activity Propagation
61 Infos, 4 Warnings, 0 Critical Warnings and 0 Errors encountered.
report_power completed successfully
report_power: Time (s): cpu = 00:00:02 ; elapsed = 00:00:06 . Memory (MB): peak = 1322.113 ; gain = 2.527
INFO: [runtcl-4] Executing : report_route_status -file cpu1_route_status.rpt -pb cpu1_route_status.pb
INFO: [runtcl-4] Executing : report_timing_summary -max_paths 10 -file cpu1_timing_summary_routed.rpt -pb cpu1_timing_summary_routed.pb -rpx cpu1_timing_summary_routed.rpx -warn_on_violation 
INFO: [Timing 38-91] UpdateTimingParams: Speed grade: -1, Delay Type: min_max, Timing Stage: Requireds.
INFO: [Timing 38-191] Multithreading enabled for timing update using a maximum of 2 CPUs
WARNING: [Timing 38-313] There are no user specified timing constraints. Timing constraints are needed for proper timing analysis.
INFO: [runtcl-4] Executing : report_incremental_reuse -file cpu1_incremental_reuse_routed.rpt
INFO: [Vivado_Tcl 4-545] No incremental reuse to report, no incremental placement and routing data was found.
INFO: [runtcl-4] Executing : report_clock_utilization -file cpu1_clock_utilization_routed.rpt
INFO: [runtcl-4] Executing : report_bus_skew -warn_on_violation -file cpu1_bus_skew_routed.rpt -pb cpu1_bus_skew_routed.pb -rpx cpu1_bus_skew_routed.rpx
INFO: [Timing 38-91] UpdateTimingParams: Speed grade: -1, Delay Type: min_max, Timing Stage: Requireds.
INFO: [Timing 38-191] Multithreading enabled for timing update using a maximum of 2 CPUs
INFO: [Common 17-206] Exiting Vivado at Sat Oct  6 11:38:09 2018...
