#-----------------------------------------------------------
# Webtalk v2018.2 (64-bit)
# SW Build 2258646 on Thu Jun 14 20:03:12 MDT 2018
# IP Build 2256618 on Thu Jun 14 22:10:49 MDT 2018
<<<<<<< HEAD
<<<<<<< HEAD
<<<<<<< HEAD
# Start of session at: Sat Oct  6 11:38:50 2018
# Process ID: 10572
# Current directory: C:/Users/USER/Desktop/cgj/cpu1/project_4/project_4.sim/sim_1/behav/xsim
# Command line: wbtcv.exe -mode batch -source C:/Users/USER/Desktop/cgj/cpu1/project_4/project_4.sim/sim_1/behav/xsim/xsim.dir/cpu_Testbench_behav/webtalk/xsim_webtalk.tcl -notrace
# Log file: C:/Users/USER/Desktop/cgj/cpu1/project_4/project_4.sim/sim_1/behav/xsim/webtalk.log
# Journal file: C:/Users/USER/Desktop/cgj/cpu1/project_4/project_4.sim/sim_1/behav/xsim\webtalk.jou
#-----------------------------------------------------------
source C:/Users/USER/Desktop/cgj/cpu1/project_4/project_4.sim/sim_1/behav/xsim/xsim.dir/cpu_Testbench_behav/webtalk/xsim_webtalk.tcl -notrace
INFO: [Common 17-186] 'C:/Users/USER/Desktop/cgj/cpu1/project_4/project_4.sim/sim_1/behav/xsim/xsim.dir/cpu_Testbench_behav/webtalk/usage_statistics_ext_xsim.xml' has been successfully sent to Xilinx on Sat Oct  6 11:39:00 2018. For additional details about this file, please refer to the WebTalk help file at C:/Xilinx/Vivado/2018.2/doc/webtalk_introduction.html.
webtalk_transmit: Time (s): cpu = 00:00:00 ; elapsed = 00:00:10 . Memory (MB): peak = 55.453 ; gain = 0.949
INFO: [Common 17-206] Exiting Webtalk at Sat Oct  6 11:39:00 2018...
=======
=======
>>>>>>> parent of 9f234ae... testbench
=======
>>>>>>> parent of 9f234ae... testbench
# Start of session at: Thu Oct  4 22:33:59 2018
# Process ID: 5256
# Current directory: C:/Users/Ibrahem/Desktop/hardware/project_4/project_4.sim/sim_1/behav/xsim
# Command line: wbtcv.exe -mode batch -source C:/Users/Ibrahem/Desktop/hardware/project_4/project_4.sim/sim_1/behav/xsim/xsim.dir/cpu1_behav/webtalk/xsim_webtalk.tcl -notrace
# Log file: C:/Users/Ibrahem/Desktop/hardware/project_4/project_4.sim/sim_1/behav/xsim/webtalk.log
# Journal file: C:/Users/Ibrahem/Desktop/hardware/project_4/project_4.sim/sim_1/behav/xsim\webtalk.jou
#-----------------------------------------------------------
source C:/Users/Ibrahem/Desktop/hardware/project_4/project_4.sim/sim_1/behav/xsim/xsim.dir/cpu1_behav/webtalk/xsim_webtalk.tcl -notrace
INFO: [Common 17-186] 'C:/Users/Ibrahem/Desktop/hardware/project_4/project_4.sim/sim_1/behav/xsim/xsim.dir/cpu1_behav/webtalk/usage_statistics_ext_xsim.xml' has been successfully sent to Xilinx on Thu Oct  4 22:34:06 2018. For additional details about this file, please refer to the WebTalk help file at E:/Xilinx2/Vivado/2018.2/doc/webtalk_introduction.html.
webtalk_transmit: Time (s): cpu = 00:00:00 ; elapsed = 00:00:07 . Memory (MB): peak = 55.758 ; gain = 1.570
INFO: [Common 17-206] Exiting Webtalk at Thu Oct  4 22:34:06 2018...
<<<<<<< HEAD
<<<<<<< HEAD
>>>>>>> parent of 9f234ae... testbench
=======
>>>>>>> parent of 9f234ae... testbench
=======
>>>>>>> parent of 9f234ae... testbench
